 [LOGGER] 2025-08-24 09:46:39.916 AM error : uncaughtException: Missing parameter name at 1: https://git.new/pathToRegexpError
TypeError: Missing parameter name at 1: https://git.new/pathToRegexpError
    at name (D:\poject\backend-pos\node_modules\path-to-regexp\dist\index.js:73:19)
    at lexer (D:\poject\backend-pos\node_modules\path-to-regexp\dist\index.js:91:27)
    at lexer.next (<anonymous>)
    at Iter.peek (D:\poject\backend-pos\node_modules\path-to-regexp\dist\index.js:106:38)
    at Iter.tryConsume (D:\poject\backend-pos\node_modules\path-to-regexp\dist\index.js:112:28)
    at Iter.text (D:\poject\backend-pos\node_modules\path-to-regexp\dist\index.js:128:30)
    at consume (D:\poject\backend-pos\node_modules\path-to-regexp\dist\index.js:152:29)
    at parse (D:\poject\backend-pos\node_modules\path-to-regexp\dist\index.js:183:20)
    at D:\poject\backend-pos\node_modules\path-to-regexp\dist\index.js:294:74
    at Array.map (<anonymous>)
 [LOGGER] 2025-08-24 09:47:39.311 AM error : uncaughtException: Missing parameter name at 1: https://git.new/pathToRegexpError
TypeError: Missing parameter name at 1: https://git.new/pathToRegexpError
    at name (D:\poject\backend-pos\node_modules\path-to-regexp\dist\index.js:73:19)
    at lexer (D:\poject\backend-pos\node_modules\path-to-regexp\dist\index.js:91:27)
    at lexer.next (<anonymous>)
    at Iter.peek (D:\poject\backend-pos\node_modules\path-to-regexp\dist\index.js:106:38)
    at Iter.tryConsume (D:\poject\backend-pos\node_modules\path-to-regexp\dist\index.js:112:28)
    at Iter.text (D:\poject\backend-pos\node_modules\path-to-regexp\dist\index.js:128:30)
    at consume (D:\poject\backend-pos\node_modules\path-to-regexp\dist\index.js:152:29)
    at parse (D:\poject\backend-pos\node_modules\path-to-regexp\dist\index.js:183:20)
    at D:\poject\backend-pos\node_modules\path-to-regexp\dist\index.js:294:74
    at Array.map (<anonymous>)
 [LOGGER] 2025-08-24 09:47:40.084 AM error : uncaughtException: Missing parameter name at 1: https://git.new/pathToRegexpError
TypeError: Missing parameter name at 1: https://git.new/pathToRegexpError
    at name (D:\poject\backend-pos\node_modules\path-to-regexp\dist\index.js:73:19)
    at lexer (D:\poject\backend-pos\node_modules\path-to-regexp\dist\index.js:91:27)
    at lexer.next (<anonymous>)
    at Iter.peek (D:\poject\backend-pos\node_modules\path-to-regexp\dist\index.js:106:38)
    at Iter.tryConsume (D:\poject\backend-pos\node_modules\path-to-regexp\dist\index.js:112:28)
    at Iter.text (D:\poject\backend-pos\node_modules\path-to-regexp\dist\index.js:128:30)
    at consume (D:\poject\backend-pos\node_modules\path-to-regexp\dist\index.js:152:29)
    at parse (D:\poject\backend-pos\node_modules\path-to-regexp\dist\index.js:183:20)
    at D:\poject\backend-pos\node_modules\path-to-regexp\dist\index.js:294:74
    at Array.map (<anonymous>)
